TN:
SF:app.js
FN:1,(anonymous_1)
FN:5,(anonymous_2)
FNF:2
FNH:2
FNDA:1,(anonymous_1)
FNDA:1,(anonymous_2)
DA:1,1
DA:3,1
DA:5,1
DA:6,1
DA:7,1
LF:5
LH:5
BRF:0
BRH:0
end_of_record
TN:
SF:controllers/category_controller.js
FN:1,(anonymous_3)
FN:6,categoryCtrl
FN:11,(anonymous_5)
FNF:3
FNH:2
FNDA:1,(anonymous_3)
FNDA:1,categoryCtrl
FNDA:0,(anonymous_5)
DA:1,1
DA:3,1
DA:4,1
DA:6,1
DA:7,1
DA:9,1
DA:11,1
DA:12,0
DA:13,0
DA:16,0
DA:18,0
DA:22,1
LF:12
LH:8
BRDA:12,1,0,0
BRDA:12,1,1,0
BRF:2
BRH:0
end_of_record
TN:
SF:controllers/task_controller.js
FN:1,(anonymous_6)
FN:7,todoCtrl
FN:14,(anonymous_8)
FNF:3
FNH:1
FNDA:1,(anonymous_6)
FNDA:0,todoCtrl
FNDA:0,(anonymous_8)
DA:1,1
DA:4,1
DA:5,1
DA:7,1
DA:8,0
DA:10,0
DA:12,0
DA:14,0
DA:15,0
DA:16,0
DA:18,0
DA:22,0
DA:24,0
DA:28,1
LF:14
LH:5
BRDA:15,1,0,0
BRDA:15,1,1,0
BRF:2
BRH:0
end_of_record
TN:
SF:directives/event_handler.js
FN:1,(anonymous_9)
FN:5,categoryResource
FN:8,getCategories
FNF:3
FNH:1
FNDA:1,(anonymous_9)
FNDA:0,categoryResource
FNDA:0,getCategories
DA:1,1
DA:3,1
DA:5,1
DA:7,0
DA:8,1
DA:9,0
DA:15,1
DA:17,1
LF:8
LH:6
BRF:0
BRH:0
end_of_record
TN:
SF:resources/category_resource.js
FN:3,taskResource
FN:7,getTasks
FNF:2
FNH:0
FNDA:0,taskResource
FNDA:0,getTasks
DA:2,1
DA:3,1
DA:5,0
DA:7,0
DA:8,0
DA:15,0
LF:6
LH:2
BRF:0
BRH:0
end_of_record
TN:
SF:resources/task_resource.js
FN:3,(anonymous_15)
FN:9,(anonymous_17)
FN:9,(anonymous_18)
FNF:3
FNH:1
FNDA:1,(anonymous_15)
FNDA:0,(anonymous_17)
FNDA:0,(anonymous_18)
DA:2,1
DA:3,1
DA:9,0
DA:11,0
LF:4
LH:2
BRDA:9,1,0,0
BRDA:9,1,1,0
BRF:2
BRH:0
end_of_record
